<html>
<body>
<pre>
<h1>Vision Build Log</h1>
<h2>Tool Versions:</h2>
IDE-Version: μVision V5.29.0.0
Copyright (C) 2019 ARM Ltd and ARM Germany GmbH. All rights reserved.
License Information: 1 faint_stars, 11, LIC=Y2B12-9AHKY-VJR6J-UGS6S-FS84L-Z7YCT
 
Tool Versions:
Toolchain:       MDK-ARM Professional  Version: 5.27.1.0
Toolchain Path:  F:\Keil 5\ARM\ARMCC\Bin
C Compiler:      Armcc.exe V5.06 update 6 (build 750)
Assembler:       Armasm.exe V5.06 update 6 (build 750)
Linker/Locator:  ArmLink.exe V5.06 update 6 (build 750)
Library Manager: ArmAr.exe V5.06 update 6 (build 750)
Hex Converter:   FromElf.exe V5.06 update 6 (build 750)
CPU DLL:         SARMCM3.DLL V5.27.1.0
Dialog DLL:      DCM.DLL V1.17.2.0
Target DLL:      STLink\ST-LINKIII-KEIL_SWO.dll V3.0.6.0
Dialog DLL:      TCM.DLL V1.36.1.0
 
<h2>Project:</h2>
E:\CubeMX\Projects\IWDG_TEST\MDK-ARM\IWDG_TEST.uvprojx
Project File Date:  01/06/2021

<h2>Output:</h2>
*** Using Compiler 'V5.06 update 6 (build 750)', folder: 'F:\Keil 5\ARM\ARMCC\Bin'
Rebuild target 'IWDG_TEST'
assembling startup_stm32f405xx.s...
compiling stm32f4xx_hal_flash.c...
compiling iwdg.c...
compiling tim.c...
compiling gpio.c...
compiling stm32f4xx_hal_iwdg.c...
compiling stm32f4xx_it.c...
../Core/Src/stm32f4xx_it.c(208): error:  #20: identifier "time" is undefined
  	time++;
../Core/Src/stm32f4xx_it.c(209): error:  #20: identifier "ans" is undefined
  	if(time>10 || ans==0) HAL_GPIO_TogglePin(GPIOC,GPIO_PIN_1);；//十秒还没有一次ans=1时说明机器故障，运行时间过长
../Core/Src/stm32f4xx_it.c(209): error:  #7: unrecognized token
  	if(time>10 || ans==0) HAL_GPIO_TogglePin(GPIOC,GPIO_PIN_1);；//十秒还没有一次ans=1时说明机器故障，运行时间过长
../Core/Src/stm32f4xx_it.c(209): error:  #29: expected an expression
  	if(time>10 || ans==0) HAL_GPIO_TogglePin(GPIOC,GPIO_PIN_1);；//十秒还没有一次ans=1时说明机器故障，运行时间过长
../Core/Src/stm32f4xx_it.c: 0 warnings, 4 errors
compiling stm32f4xx_hal_msp.c...
compiling stm32f4xx_hal_flash_ex.c...
compiling stm32f4xx_hal_rcc_ex.c...
compiling main.c...
../Core/Src/main.c(93): warning:  #177-D: variable "time"  was declared but never referenced
  	int time=0;
../Core/Src/main.c(94): warning:  #550-D: variable "ans"  was set but never used
  	int ans;
../Core/Src/main.c: 2 warnings, 0 errors
compiling stm32f4xx_hal_rcc.c...
compiling stm32f4xx_hal_pwr_ex.c...
compiling stm32f4xx_hal.c...
compiling stm32f4xx_hal_exti.c...
compiling stm32f4xx_hal_cortex.c...
compiling stm32f4xx_hal_tim_ex.c...
compiling stm32f4xx_hal_dma_ex.c...
compiling stm32f4xx_hal_flash_ramfunc.c...
compiling stm32f4xx_hal_dma.c...
compiling stm32f4xx_hal_gpio.c...
compiling stm32f4xx_hal_pwr.c...
compiling stm32f4xx_hal_tim.c...
compiling system_stm32f4xx.c...
"IWDG_TEST\IWDG_TEST.axf" - 4 Error(s), 2 Warning(s).

<h2>Software Packages used:</h2>

Package Vendor: ARM
                http://www.keil.com/pack/ARM.CMSIS.5.5.1.pack
                ARM.CMSIS.5.5.1
                CMSIS (Cortex Microcontroller Software Interface Standard)
   * Component: CORE Version: 5.2.0

Package Vendor: Keil
                http://www.keil.com/pack/Keil.STM32F4xx_DFP.2.13.0.pack
                Keil.STM32F4xx_DFP.2.13.0
                STMicroelectronics STM32F4 Series Device Support, Drivers and Examples

<h2>Collection of Component include folders:</h2>
  .\RTE\_IWDG_TEST
  F:\Packs\ARM\CMSIS\5.5.1\CMSIS\Core\Include
  F:\Packs\Keil\STM32F4xx_DFP\2.13.0\Drivers\CMSIS\Device\ST\STM32F4xx\Include

<h2>Collection of Component Files used:</h2>

   * Component: ARM::CMSIS:CORE:5.2.0
Target not created.
Build Time Elapsed:  00:00:10
</pre>
</body>
</html>
